
ROM used:   112/4096 (3%)
            112/4096 (3%) including unused fragments

            0.1 Average locations per line
            11.2 Average locations per statement

RAM used:   6/383 (2%) at main() level
            17/383 (4%) worst case

Stack used: 1 worst case (1 in main + 0 for interrupts)
Stack size: 16

Lines Stmts  %   Files
----- ----- ---  -----
   19    10 100  main.c
    5     0   0  main.h
  895     0   0  C:\Program Files (x86)\PICC\Devices\16F1827.h
----- -----
  919    10 Total

Page ROM  %  RAM   Vol Diff  Functions:
---- --- --- ---   --- ----  ----------
0     23  21    1             @delay_ms1
0     86  77    2   202  2.3  main
 Inline         0    59  4.2  @cinit1

Program metrics:
    Functions               2
    Statements              10
    Comments                150
    Volume (V)              315
    Difficulty (D)          5.3
    Effort to implement (E) 1668
    Time to implement (T)   2 minutes
    Est Delivered Bugs (B)  0
    Cyclomatic Complexity   1
    Maintainability (MI)    156

 Segment     Used  Free
-----------  ----  ----
00000-00002     3  0  
00003-007FF   109  1936  
00800-00FFF     0  2048  



